# JRE version: OpenJDK Runtime Environment AdoptOpenJDK-11.0.11+9 (11.0.11+9) (build 11.0.11+9)
# Java VM: OpenJDK 64-Bit Server VM AdoptOpenJDK-11.0.11+9 (11.0.11+9, mixed mode, tiered, compressed oops, parallel gc, windows-amd64)
Heap:
 PSYoungGen      total 6144K, used 4049K [0x00000000eab00000, 0x00000000eb500000, 0x0000000100000000)
  eden space 5120K, 62% used [0x00000000eab00000,0x00000000eae1c5e8,0x00000000eb000000)
  from space 1024K, 84% used [0x00000000eb400000,0x00000000eb4d8000,0x00000000eb500000)
  to   space 1024K, 0% used [0x00000000eb300000,0x00000000eb300000,0x00000000eb400000)
 ParOldGen       total 77824K, used 70845K [0x00000000c0000000, 0x00000000c4c00000, 0x00000000eab00000)
  object space 77824K, 91% used [0x00000000c0000000,0x00000000c452f780,0x00000000c4c00000)
 Metaspace       used 79196K, capacity 82513K, committed 82776K, reserved 1124352K
  class space    used 7451K, capacity 8628K, committed 8792K, reserved 1048576K
GC Heap History (20 events):
Event: 1774.289 GC heap before
{Heap before GC invocations=2388 (full 81):
 PSYoungGen      total 6144K, used 6128K [0x00000000eab00000, 0x00000000eb680000, 0x0000000100000000)
  eden space 5120K, 99% used [0x00000000eab00000,0x00000000eafffff8,0x00000000eb000000)
  from space 1024K, 98% used [0x00000000eb580000,0x00000000eb67c160,0x00000000eb680000)
  to   space 1536K, 0% used [0x00000000eb380000,0x00000000eb380000,0x00000000eb500000)
 ParOldGen       total 77824K, used 69181K [0x00000000c0000000, 0x00000000c4c00000, 0x00000000eab00000)
  object space 77824K, 88% used [0x00000000c0000000,0x00000000c438f748,0x00000000c4c00000)
 Metaspace       used 79173K, capacity 82513K, committed 82776K, reserved 1124352K
  class space    used 7449K, capacity 8628K, committed 8792K, reserved 1048576K
}
Event: 1774.295 GC heap after
{Heap after GC invocations=2388 (full 81):
 PSYoungGen      total 6656K, used 352K [0x00000000eab00000, 0x00000000eb600000, 0x0000000100000000)
  eden space 5120K, 0% used [0x00000000eab00000,0x00000000eab00000,0x00000000eb000000)
  from space 1536K, 22% used [0x00000000eb380000,0x00000000eb3d8000,0x00000000eb500000)
  to   space 1024K, 0% used [0x00000000eb500000,0x00000000eb500000,0x00000000eb600000)
 ParOldGen       total 77824K, used 69723K [0x00000000c0000000, 0x00000000c4c00000, 0x00000000eab00000)
  object space 77824K, 89% used [0x00000000c0000000,0x00000000c4416d48,0x00000000c4c00000)
 Metaspace       used 79173K, capacity 82513K, committed 82776K, reserved 1124352K
  class space    used 7449K, capacity 8628K, committed 8792K, reserved 1048576K
}
Event: 1774.773 GC heap before
{Heap before GC invocations=2389 (full 81):
 PSYoungGen      total 6656K, used 5472K [0x00000000eab00000, 0x00000000eb600000, 0x0000000100000000)
  eden space 5120K, 100% used [0x00000000eab00000,0x00000000eb000000,0x00000000eb000000)
  from space 1536K, 22% used [0x00000000eb380000,0x00000000eb3d8000,0x00000000eb500000)
  to   space 1024K, 0% used [0x00000000eb500000,0x00000000eb500000,0x00000000eb600000)
 ParOldGen       total 77824K, used 69723K [0x00000000c0000000, 0x00000000c4c00000, 0x00000000eab00000)
  object space 77824K, 89% used [0x00000000c0000000,0x00000000c4416d48,0x00000000c4c00000)
 Metaspace       used 79194K, capacity 82513K, committed 82776K, reserved 1124352K
  class space    used 7451K, capacity 8628K, committed 8792K, reserved 1048576K
}
Event: 1774.784 GC heap after
{Heap after GC invocations=2389 (full 81):
 PSYoungGen      total 6144K, used 784K [0x00000000eab00000, 0x00000000eb600000, 0x0000000100000000)
  eden space 5120K, 0% used [0x00000000eab00000,0x00000000eab00000,0x00000000eb000000)
  from space 1024K, 76% used [0x00000000eb500000,0x00000000eb5c4010,0x00000000eb600000)
  to   space 1024K, 0% used [0x00000000eb400000,0x00000000eb400000,0x00000000eb500000)
 ParOldGen       total 77824K, used 69723K [0x00000000c0000000, 0x00000000c4c00000, 0x00000000eab00000)
  object space 77824K, 89% used [0x00000000c0000000,0x00000000c4416d48,0x00000000c4c00000)
 Metaspace       used 79194K, capacity 82513K, committed 82776K, reserved 1124352K
  class space    used 7451K, capacity 8628K, committed 8792K, reserved 1048576K
}
Event: 1775.923 GC heap before
{Heap before GC invocations=2390 (full 81):
 PSYoungGen      total 6144K, used 5904K [0x00000000eab00000, 0x00000000eb600000, 0x0000000100000000)
  eden space 5120K, 100% used [0x00000000eab00000,0x00000000eb000000,0x00000000eb000000)
  from space 1024K, 76% used [0x00000000eb500000,0x00000000eb5c4010,0x00000000eb600000)
  to   space 1024K, 0% used [0x00000000eb400000,0x00000000eb400000,0x00000000eb500000)
 ParOldGen       total 77824K, used 69723K [0x00000000c0000000, 0x00000000c4c00000, 0x00000000eab00000)
  object space 77824K, 89% used [0x00000000c0000000,0x00000000c4416d48,0x00000000c4c00000)
 Metaspace       used 79196K, capacity 82513K, committed 82776K, reserved 1124352K
  class space    used 7451K, capacity 8628K, committed 8792K, reserved 1048576K
}
Event: 1775.926 GC heap after
{Heap after GC invocations=2390 (full 81):
 PSYoungGen      total 6144K, used 128K [0x00000000eab00000, 0x00000000eb580000, 0x0000000100000000)
  eden space 5120K, 0% used [0x00000000eab00000,0x00000000eab00000,0x00000000eb000000)
  from space 1024K, 12% used [0x00000000eb400000,0x00000000eb420000,0x00000000eb500000)
  to   space 512K, 0% used [0x00000000eb500000,0x00000000eb500000,0x00000000eb580000)
 ParOldGen       total 77824K, used 69755K [0x00000000c0000000, 0x00000000c4c00000, 0x00000000eab00000)
  object space 77824K, 89% used [0x00000000c0000000,0x00000000c441ed48,0x00000000c4c00000)
 Metaspace       used 79196K, capacity 82513K, committed 82776K, reserved 1124352K
  class space    used 7451K, capacity 8628K, committed 8792K, reserved 1048576K
}
Event: 1777.232 GC heap before
{Heap before GC invocations=2391 (full 81):
 PSYoungGen      total 6144K, used 5248K [0x00000000eab00000, 0x00000000eb580000, 0x0000000100000000)
  eden space 5120K, 100% used [0x00000000eab00000,0x00000000eb000000,0x00000000eb000000)
  from space 1024K, 12% used [0x00000000eb400000,0x00000000eb420000,0x00000000eb500000)
  to   space 512K, 0% used [0x00000000eb500000,0x00000000eb500000,0x00000000eb580000)
 ParOldGen       total 77824K, used 69755K [0x00000000c0000000, 0x00000000c4c00000, 0x00000000eab00000)
  object space 77824K, 89% used [0x00000000c0000000,0x00000000c441ed48,0x00000000c4c00000)
 Metaspace       used 79196K, capacity 82513K, committed 82776K, reserved 1124352K
  class space    used 7451K, capacity 8628K, committed 8792K, reserved 1048576K
}
Event: 1777.236 GC heap after
{Heap after GC invocations=2391 (full 81):
 PSYoungGen      total 5632K, used 496K [0x00000000eab00000, 0x00000000eb580000, 0x0000000100000000)
  eden space 5120K, 0% used [0x00000000eab00000,0x00000000eab00000,0x00000000eb000000)
  from space 512K, 96% used [0x00000000eb500000,0x00000000eb57c010,0x00000000eb580000)
  to   space 1024K, 0% used [0x00000000eb380000,0x00000000eb380000,0x00000000eb480000)
 ParOldGen       total 77824K, used 70043K [0x00000000c0000000, 0x00000000c4c00000, 0x00000000eab00000)
  object space 77824K, 90% used [0x00000000c0000000,0x00000000c4466d68,0x00000000c4c00000)
 Metaspace       used 79196K, capacity 82513K, committed 82776K, reserved 1124352K
  class space    used 7451K, capacity 8628K, committed 8792K, reserved 1048576K
}
Event: 1777.653 GC heap before
{Heap before GC invocations=2392 (full 81):
 PSYoungGen      total 5632K, used 5616K [0x00000000eab00000, 0x00000000eb580000, 0x0000000100000000)
  eden space 5120K, 99% used [0x00000000eab00000,0x00000000eafffff0,0x00000000eb000000)
  from space 512K, 96% used [0x00000000eb500000,0x00000000eb57c010,0x00000000eb580000)
  to   space 1024K, 0% used [0x00000000eb380000,0x00000000eb380000,0x00000000eb480000)
 ParOldGen       total 77824K, used 70043K [0x00000000c0000000, 0x00000000c4c00000, 0x00000000eab00000)
  object space 77824K, 90% used [0x00000000c0000000,0x00000000c4466d68,0x00000000c4c00000)
 Metaspace       used 79196K, capacity 82513K, committed 82776K, reserved 1124352K
  class space    used 7451K, capacity 8628K, committed 8792K, reserved 1048576K
}
Event: 1777.658 GC heap after
{Heap after GC invocations=2392 (full 81):
 PSYoungGen      total 6144K, used 880K [0x00000000eab00000, 0x00000000eb580000, 0x0000000100000000)
  eden space 5120K, 0% used [0x00000000eab00000,0x00000000eab00000,0x00000000eb000000)
  from space 1024K, 85% used [0x00000000eb380000,0x00000000eb45c010,0x00000000eb480000)
  to   space 1024K, 0% used [0x00000000eb480000,0x00000000eb480000,0x00000000eb580000)
 ParOldGen       total 77824K, used 70280K [0x00000000c0000000, 0x00000000c4c00000, 0x00000000eab00000)
  object space 77824K, 90% used [0x00000000c0000000,0x00000000c44a21e8,0x00000000c4c00000)
 Metaspace       used 79196K, capacity 82513K, committed 82776K, reserved 1124352K
  class space    used 7451K, capacity 8628K, committed 8792K, reserved 1048576K
}
Event: 1777.718 GC heap before
{Heap before GC invocations=2393 (full 81):
 PSYoungGen      total 6144K, used 6000K [0x00000000eab00000, 0x00000000eb580000, 0x0000000100000000)
  eden space 5120K, 100% used [0x00000000eab00000,0x00000000eb000000,0x00000000eb000000)
  from space 1024K, 85% used [0x00000000eb380000,0x00000000eb45c010,0x00000000eb480000)
  to   space 1024K, 0% used [0x00000000eb480000,0x00000000eb480000,0x00000000eb580000)
 ParOldGen       total 77824K, used 70280K [0x00000000c0000000, 0x00000000c4c00000, 0x00000000eab00000)
  object space 77824K, 90% used [0x00000000c0000000,0x00000000c44a21e8,0x00000000c4c00000)
 Metaspace       used 79196K, capacity 82513K, committed 82776K, reserved 1124352K
  class space    used 7451K, capacity 8628K, committed 8792K, reserved 1048576K
}
Event: 1777.731 GC heap after
{Heap after GC invocations=2393 (full 81):
 PSYoungGen      total 6144K, used 656K [0x00000000eab00000, 0x00000000eb580000, 0x0000000100000000)
  eden space 5120K, 0% used [0x00000000eab00000,0x00000000eab00000,0x00000000eb000000)
  from space 1024K, 64% used [0x00000000eb480000,0x00000000eb524010,0x00000000eb580000)
  to   space 1024K, 0% used [0x00000000eb380000,0x00000000eb380000,0x00000000eb480000)
 ParOldGen       total 77824K, used 70304K [0x00000000c0000000, 0x00000000c4c00000, 0x00000000eab00000)
  object space 77824K, 90% used [0x00000000c0000000,0x00000000c44a81e8,0x00000000c4c00000)
 Metaspace       used 79196K, capacity 82513K, committed 82776K, reserved 1124352K
  class space    used 7451K, capacity 8628K, committed 8792K, reserved 1048576K
}
Event: 1779.021 GC heap before
{Heap before GC invocations=2394 (full 81):
 PSYoungGen      total 6144K, used 5776K [0x00000000eab00000, 0x00000000eb580000, 0x0000000100000000)
  eden space 5120K, 100% used [0x00000000eab00000,0x00000000eb000000,0x00000000eb000000)
  from space 1024K, 64% used [0x00000000eb480000,0x00000000eb524010,0x00000000eb580000)
  to   space 1024K, 0% used [0x00000000eb380000,0x00000000eb380000,0x00000000eb480000)
 ParOldGen       total 77824K, used 70304K [0x00000000c0000000, 0x00000000c4c00000, 0x00000000eab00000)
  object space 77824K, 90% used [0x00000000c0000000,0x00000000c44a81e8,0x00000000c4c00000)
 Metaspace       used 79196K, capacity 82513K, committed 82776K, reserved 1124352K
  class space    used 7451K, capacity 8628K, committed 8792K, reserved 1048576K
}
Event: 1779.024 GC heap after
{Heap after GC invocations=2394 (full 81):
 PSYoungGen      total 6144K, used 160K [0x00000000eab00000, 0x00000000eb500000, 0x0000000100000000)
  eden space 5120K, 0% used [0x00000000eab00000,0x00000000eab00000,0x00000000eb000000)
  from space 1024K, 15% used [0x00000000eb380000,0x00000000eb3a8000,0x00000000eb480000)
  to   space 512K, 0% used [0x00000000eb480000,0x00000000eb480000,0x00000000eb500000)
 ParOldGen       total 77824K, used 70304K [0x00000000c0000000, 0x00000000c4c00000, 0x00000000eab00000)
  object space 77824K, 90% used [0x00000000c0000000,0x00000000c44a81e8,0x00000000c4c00000)
 Metaspace       used 79196K, capacity 82513K, committed 82776K, reserved 1124352K
  class space    used 7451K, capacity 8628K, committed 8792K, reserved 1048576K
}
Event: 1779.491 GC heap before
{Heap before GC invocations=2395 (full 81):
 PSYoungGen      total 6144K, used 5279K [0x00000000eab00000, 0x00000000eb500000, 0x0000000100000000)
  eden space 5120K, 99% used [0x00000000eab00000,0x00000000eaffff38,0x00000000eb000000)
  from space 1024K, 15% used [0x00000000eb380000,0x00000000eb3a8000,0x00000000eb480000)
  to   space 512K, 0% used [0x00000000eb480000,0x00000000eb480000,0x00000000eb500000)
 ParOldGen       total 77824K, used 70304K [0x00000000c0000000, 0x00000000c4c00000, 0x00000000eab00000)
  object space 77824K, 90% used [0x00000000c0000000,0x00000000c44a81e8,0x00000000c4c00000)
 Metaspace       used 79196K, capacity 82513K, committed 82776K, reserved 1124352K
  class space    used 7451K, capacity 8628K, committed 8792K, reserved 1048576K
}
Event: 1779.496 GC heap after
{Heap after GC invocations=2395 (full 81):
 PSYoungGen      total 5632K, used 496K [0x00000000eab00000, 0x00000000eb500000, 0x0000000100000000)
  eden space 5120K, 0% used [0x00000000eab00000,0x00000000eab00000,0x00000000eb000000)
  from space 512K, 96% used [0x00000000eb480000,0x00000000eb4fc010,0x00000000eb500000)
  to   space 1024K, 0% used [0x00000000eb300000,0x00000000eb300000,0x00000000eb400000)
 ParOldGen       total 77824K, used 70432K [0x00000000c0000000, 0x00000000c4c00000, 0x00000000eab00000)
  object space 77824K, 90% used [0x00000000c0000000,0x00000000c44c81e8,0x00000000c4c00000)
 Metaspace       used 79196K, capacity 82513K, committed 82776K, reserved 1124352K
  class space    used 7451K, capacity 8628K, committed 8792K, reserved 1048576K
}
Event: 1779.955 GC heap before
{Heap before GC invocations=2396 (full 81):
 PSYoungGen      total 5632K, used 5616K [0x00000000eab00000, 0x00000000eb500000, 0x0000000100000000)
  eden space 5120K, 100% used [0x00000000eab00000,0x00000000eb000000,0x00000000eb000000)
  from space 512K, 96% used [0x00000000eb480000,0x00000000eb4fc010,0x00000000eb500000)
  to   space 1024K, 0% used [0x00000000eb300000,0x00000000eb300000,0x00000000eb400000)
 ParOldGen       total 77824K, used 70432K [0x00000000c0000000, 0x00000000c4c00000, 0x00000000eab00000)
  object space 77824K, 90% used [0x00000000c0000000,0x00000000c44c81e8,0x00000000c4c00000)
 Metaspace       used 79196K, capacity 82513K, committed 82776K, reserved 1124352K
  class space    used 7451K, capacity 8628K, committed 8792K, reserved 1048576K
}
Event: 1779.959 GC heap after
{Heap after GC invocations=2396 (full 81):
 PSYoungGen      total 6144K, used 528K [0x00000000eab00000, 0x00000000eb500000, 0x0000000100000000)
  eden space 5120K, 0% used [0x00000000eab00000,0x00000000eab00000,0x00000000eb000000)
  from space 1024K, 51% used [0x00000000eb300000,0x00000000eb384010,0x00000000eb400000)
  to   space 1024K, 0% used [0x00000000eb400000,0x00000000eb400000,0x00000000eb500000)
 ParOldGen       total 77824K, used 70821K [0x00000000c0000000, 0x00000000c4c00000, 0x00000000eab00000)
  object space 77824K, 91% used [0x00000000c0000000,0x00000000c4529780,0x00000000c4c00000)
 Metaspace       used 79196K, capacity 82513K, committed 82776K, reserved 1124352K
  class space    used 7451K, capacity 8628K, committed 8792K, reserved 1048576K
}
Event: 1780.015 GC heap before
{Heap before GC invocations=2397 (full 81):
 PSYoungGen      total 6144K, used 5648K [0x00000000eab00000, 0x00000000eb500000, 0x0000000100000000)
  eden space 5120K, 100% used [0x00000000eab00000,0x00000000eb000000,0x00000000eb000000)
  from space 1024K, 51% used [0x00000000eb300000,0x00000000eb384010,0x00000000eb400000)
  to   space 1024K, 0% used [0x00000000eb400000,0x00000000eb400000,0x00000000eb500000)
 ParOldGen       total 77824K, used 70821K [0x00000000c0000000, 0x00000000c4c00000, 0x00000000eab00000)
  object space 77824K, 91% used [0x00000000c0000000,0x00000000c4529780,0x00000000c4c00000)
 Metaspace       used 79196K, capacity 82513K, committed 82776K, reserved 1124352K
  class space    used 7451K, capacity 8628K, committed 8792K, reserved 1048576K
}
Event: 1780.019 GC heap after
{Heap after GC invocations=2397 (full 81):
 PSYoungGen      total 6144K, used 864K [0x00000000eab00000, 0x00000000eb500000, 0x0000000100000000)
  eden space 5120K, 0% used [0x00000000eab00000,0x00000000eab00000,0x00000000eb000000)
  from space 1024K, 84% used [0x00000000eb400000,0x00000000eb4d8000,0x00000000eb500000)
  to   space 1024K, 0% used [0x00000000eb300000,0x00000000eb300000,0x00000000eb400000)
 ParOldGen       total 77824K, used 70845K [0x00000000c0000000, 0x00000000c4c00000, 0x00000000eab00000)
  object space 77824K, 91% used [0x00000000c0000000,0x00000000c452f780,0x00000000c4c00000)
 Metaspace       used 79196K, capacity 82513K, committed 82776K, reserved 1124352K
  class space    used 7451K, capacity 8628K, committed 8792K, reserved 1048576K
}

