# JRE version: OpenJDK Runtime Environment AdoptOpenJDK-11.0.11+9 (11.0.11+9) (build 11.0.11+9)
# Java VM: OpenJDK 64-Bit Server VM AdoptOpenJDK-11.0.11+9 (11.0.11+9, mixed mode, tiered, compressed oops, parallel gc, windows-amd64)
Heap:
 PSYoungGen      total 3584K, used 2845K [0x00000000eab00000, 0x00000000eb280000, 0x0000000100000000)
  eden space 3072K, 83% used [0x00000000eab00000,0x00000000ead83568,0x00000000eae00000)
  from space 512K, 53% used [0x00000000eb180000,0x00000000eb1c4010,0x00000000eb200000)
  to   space 512K, 0% used [0x00000000eb200000,0x00000000eb200000,0x00000000eb280000)
 ParOldGen       total 136192K, used 107852K [0x00000000c0000000, 0x00000000c8500000, 0x00000000eab00000)
  object space 136192K, 79% used [0x00000000c0000000,0x00000000c6953028,0x00000000c8500000)
 Metaspace       used 82319K, capacity 85847K, committed 86016K, reserved 1126400K
  class space    used 7601K, capacity 8894K, committed 8960K, reserved 1048576K
GC Heap History (20 events):
Event: 4027.975 GC heap before
{Heap before GC invocations=2689 (full 66):
 PSYoungGen      total 6144K, used 6128K [0x00000000eab00000, 0x00000000eb400000, 0x0000000100000000)
  eden space 5632K, 100% used [0x00000000eab00000,0x00000000eb080000,0x00000000eb080000)
  from space 512K, 96% used [0x00000000eb300000,0x00000000eb37c010,0x00000000eb380000)
  to   space 512K, 0% used [0x00000000eb380000,0x00000000eb380000,0x00000000eb400000)
 ParOldGen       total 140288K, used 134262K [0x00000000c0000000, 0x00000000c8900000, 0x00000000eab00000)
  object space 140288K, 95% used [0x00000000c0000000,0x00000000c831da98,0x00000000c8900000)
 Metaspace       used 82316K, capacity 85847K, committed 86016K, reserved 1126400K
  class space    used 7601K, capacity 8894K, committed 8960K, reserved 1048576K
}
Event: 4027.984 GC heap after
{Heap after GC invocations=2689 (full 66):
 PSYoungGen      total 3584K, used 491K [0x00000000eab00000, 0x00000000ebb80000, 0x0000000100000000)
  eden space 3072K, 0% used [0x00000000eab00000,0x00000000eab00000,0x00000000eae00000)
  from space 512K, 95% used [0x00000000eb380000,0x00000000eb3fac70,0x00000000eb400000)
  to   space 5632K, 0% used [0x00000000eae00000,0x00000000eae00000,0x00000000eb380000)
 ParOldGen       total 140288K, used 138308K [0x00000000c0000000, 0x00000000c8900000, 0x00000000eab00000)
  object space 140288K, 98% used [0x00000000c0000000,0x00000000c8711048,0x00000000c8900000)
 Metaspace       used 82316K, capacity 85847K, committed 86016K, reserved 1126400K
  class space    used 7601K, capacity 8894K, committed 8960K, reserved 1048576K
}
Event: 4027.984 GC heap before
{Heap before GC invocations=2690 (full 67):
 PSYoungGen      total 3584K, used 491K [0x00000000eab00000, 0x00000000ebb80000, 0x0000000100000000)
  eden space 3072K, 0% used [0x00000000eab00000,0x00000000eab00000,0x00000000eae00000)
  from space 512K, 95% used [0x00000000eb380000,0x00000000eb3fac70,0x00000000eb400000)
  to   space 5632K, 0% used [0x00000000eae00000,0x00000000eae00000,0x00000000eb380000)
 ParOldGen       total 140288K, used 138308K [0x00000000c0000000, 0x00000000c8900000, 0x00000000eab00000)
  object space 140288K, 98% used [0x00000000c0000000,0x00000000c8711048,0x00000000c8900000)
 Metaspace       used 82316K, capacity 85847K, committed 86016K, reserved 1126400K
  class space    used 7601K, capacity 8894K, committed 8960K, reserved 1048576K
}
Event: 4028.577 GC heap after
{Heap after GC invocations=2690 (full 67):
 PSYoungGen      total 8704K, used 0K [0x00000000eab00000, 0x00000000eb900000, 0x0000000100000000)
  eden space 3072K, 0% used [0x00000000eab00000,0x00000000eab00000,0x00000000eae00000)
  from space 5632K, 0% used [0x00000000eae00000,0x00000000eae00000,0x00000000eb380000)
  to   space 5632K, 0% used [0x00000000eb380000,0x00000000eb380000,0x00000000eb900000)
 ParOldGen       total 136192K, used 105227K [0x00000000c0000000, 0x00000000c8500000, 0x00000000eab00000)
  object space 136192K, 77% used [0x00000000c0000000,0x00000000c66c2c88,0x00000000c8500000)
 Metaspace       used 82316K, capacity 85847K, committed 86016K, reserved 1126400K
  class space    used 7601K, capacity 8894K, committed 8960K, reserved 1048576K
}
Event: 4028.598 GC heap before
{Heap before GC invocations=2691 (full 67):
 PSYoungGen      total 8704K, used 3071K [0x00000000eab00000, 0x00000000eb900000, 0x0000000100000000)
  eden space 3072K, 99% used [0x00000000eab00000,0x00000000eadfffe8,0x00000000eae00000)
  from space 5632K, 0% used [0x00000000eae00000,0x00000000eae00000,0x00000000eb380000)
  to   space 5632K, 0% used [0x00000000eb380000,0x00000000eb380000,0x00000000eb900000)
 ParOldGen       total 136192K, used 105227K [0x00000000c0000000, 0x00000000c8500000, 0x00000000eab00000)
  object space 136192K, 77% used [0x00000000c0000000,0x00000000c66c2c88,0x00000000c8500000)
 Metaspace       used 82319K, capacity 85847K, committed 86016K, reserved 1126400K
  class space    used 7601K, capacity 8894K, committed 8960K, reserved 1048576K
}
Event: 4028.602 GC heap after
{Heap after GC invocations=2691 (full 67):
 PSYoungGen      total 4608K, used 1168K [0x00000000eab00000, 0x00000000eb500000, 0x0000000100000000)
  eden space 3072K, 0% used [0x00000000eab00000,0x00000000eab00000,0x00000000eae00000)
  from space 1536K, 76% used [0x00000000eb380000,0x00000000eb4a4010,0x00000000eb500000)
  to   space 2560K, 0% used [0x00000000eb000000,0x00000000eb000000,0x00000000eb280000)
 ParOldGen       total 136192K, used 105227K [0x00000000c0000000, 0x00000000c8500000, 0x00000000eab00000)
  object space 136192K, 77% used [0x00000000c0000000,0x00000000c66c2c88,0x00000000c8500000)
 Metaspace       used 82319K, capacity 85847K, committed 86016K, reserved 1126400K
  class space    used 7601K, capacity 8894K, committed 8960K, reserved 1048576K
}
Event: 4029.062 GC heap before
{Heap before GC invocations=2692 (full 67):
 PSYoungGen      total 4608K, used 4240K [0x00000000eab00000, 0x00000000eb500000, 0x0000000100000000)
  eden space 3072K, 100% used [0x00000000eab00000,0x00000000eae00000,0x00000000eae00000)
  from space 1536K, 76% used [0x00000000eb380000,0x00000000eb4a4010,0x00000000eb500000)
  to   space 2560K, 0% used [0x00000000eb000000,0x00000000eb000000,0x00000000eb280000)
 ParOldGen       total 136192K, used 105227K [0x00000000c0000000, 0x00000000c8500000, 0x00000000eab00000)
  object space 136192K, 77% used [0x00000000c0000000,0x00000000c66c2c88,0x00000000c8500000)
 Metaspace       used 82319K, capacity 85847K, committed 86016K, reserved 1126400K
  class space    used 7601K, capacity 8894K, committed 8960K, reserved 1048576K
}
Event: 4029.069 GC heap after
{Heap after GC invocations=2692 (full 67):
 PSYoungGen      total 5632K, used 2534K [0x00000000eab00000, 0x00000000eb600000, 0x0000000100000000)
  eden space 3072K, 0% used [0x00000000eab00000,0x00000000eab00000,0x00000000eae00000)
  from space 2560K, 98% used [0x00000000eb000000,0x00000000eb2798f0,0x00000000eb280000)
  to   space 3584K, 0% used [0x00000000eb280000,0x00000000eb280000,0x00000000eb600000)
 ParOldGen       total 136192K, used 106107K [0x00000000c0000000, 0x00000000c8500000, 0x00000000eab00000)
  object space 136192K, 77% used [0x00000000c0000000,0x00000000c679ec88,0x00000000c8500000)
 Metaspace       used 82319K, capacity 85847K, committed 86016K, reserved 1126400K
  class space    used 7601K, capacity 8894K, committed 8960K, reserved 1048576K
}
Event: 4029.087 GC heap before
{Heap before GC invocations=2693 (full 67):
 PSYoungGen      total 5632K, used 5606K [0x00000000eab00000, 0x00000000eb600000, 0x0000000100000000)
  eden space 3072K, 100% used [0x00000000eab00000,0x00000000eae00000,0x00000000eae00000)
  from space 2560K, 98% used [0x00000000eb000000,0x00000000eb2798f0,0x00000000eb280000)
  to   space 3584K, 0% used [0x00000000eb280000,0x00000000eb280000,0x00000000eb600000)
 ParOldGen       total 136192K, used 106107K [0x00000000c0000000, 0x00000000c8500000, 0x00000000eab00000)
  object space 136192K, 77% used [0x00000000c0000000,0x00000000c679ec88,0x00000000c8500000)
 Metaspace       used 82319K, capacity 85847K, committed 86016K, reserved 1126400K
  class space    used 7601K, capacity 8894K, committed 8960K, reserved 1048576K
}
Event: 4029.091 GC heap after
{Heap after GC invocations=2693 (full 67):
 PSYoungGen      total 3584K, used 304K [0x00000000eab00000, 0x00000000eb300000, 0x0000000100000000)
  eden space 3072K, 0% used [0x00000000eab00000,0x00000000eab00000,0x00000000eae00000)
  from space 512K, 59% used [0x00000000eb280000,0x00000000eb2cc010,0x00000000eb300000)
  to   space 1536K, 0% used [0x00000000eb000000,0x00000000eb000000,0x00000000eb180000)
 ParOldGen       total 136192K, used 107017K [0x00000000c0000000, 0x00000000c8500000, 0x00000000eab00000)
  object space 136192K, 78% used [0x00000000c0000000,0x00000000c68826e8,0x00000000c8500000)
 Metaspace       used 82319K, capacity 85847K, committed 86016K, reserved 1126400K
  class space    used 7601K, capacity 8894K, committed 8960K, reserved 1048576K
}
Event: 4031.785 GC heap before
{Heap before GC invocations=2694 (full 67):
 PSYoungGen      total 3584K, used 3362K [0x00000000eab00000, 0x00000000eb300000, 0x0000000100000000)
  eden space 3072K, 99% used [0x00000000eab00000,0x00000000eadfc898,0x00000000eae00000)
  from space 512K, 59% used [0x00000000eb280000,0x00000000eb2cc010,0x00000000eb300000)
  to   space 1536K, 0% used [0x00000000eb000000,0x00000000eb000000,0x00000000eb180000)
 ParOldGen       total 136192K, used 107017K [0x00000000c0000000, 0x00000000c8500000, 0x00000000eab00000)
  object space 136192K, 78% used [0x00000000c0000000,0x00000000c68826e8,0x00000000c8500000)
 Metaspace       used 82319K, capacity 85847K, committed 86016K, reserved 1126400K
  class space    used 7601K, capacity 8894K, committed 8960K, reserved 1048576K
}
Event: 4031.789 GC heap after
{Heap after GC invocations=2694 (full 67):
 PSYoungGen      total 4608K, used 640K [0x00000000eab00000, 0x00000000eb300000, 0x0000000100000000)
  eden space 3072K, 0% used [0x00000000eab00000,0x00000000eab00000,0x00000000eae00000)
  from space 1536K, 41% used [0x00000000eb000000,0x00000000eb0a0000,0x00000000eb180000)
  to   space 1024K, 0% used [0x00000000eb200000,0x00000000eb200000,0x00000000eb300000)
 ParOldGen       total 136192K, used 107254K [0x00000000c0000000, 0x00000000c8500000, 0x00000000eab00000)
  object space 136192K, 78% used [0x00000000c0000000,0x00000000c68bdb88,0x00000000c8500000)
 Metaspace       used 82319K, capacity 85847K, committed 86016K, reserved 1126400K
  class space    used 7601K, capacity 8894K, committed 8960K, reserved 1048576K
}
Event: 4032.114 GC heap before
{Heap before GC invocations=2695 (full 67):
 PSYoungGen      total 4608K, used 3712K [0x00000000eab00000, 0x00000000eb300000, 0x0000000100000000)
  eden space 3072K, 100% used [0x00000000eab00000,0x00000000eae00000,0x00000000eae00000)
  from space 1536K, 41% used [0x00000000eb000000,0x00000000eb0a0000,0x00000000eb180000)
  to   space 1024K, 0% used [0x00000000eb200000,0x00000000eb200000,0x00000000eb300000)
 ParOldGen       total 136192K, used 107254K [0x00000000c0000000, 0x00000000c8500000, 0x00000000eab00000)
  object space 136192K, 78% used [0x00000000c0000000,0x00000000c68bdb88,0x00000000c8500000)
 Metaspace       used 82319K, capacity 85847K, committed 86016K, reserved 1126400K
  class space    used 7601K, capacity 8894K, committed 8960K, reserved 1048576K
}
Event: 4032.120 GC heap after
{Heap after GC invocations=2695 (full 67):
 PSYoungGen      total 4096K, used 528K [0x00000000eab00000, 0x00000000eb300000, 0x0000000100000000)
  eden space 3072K, 0% used [0x00000000eab00000,0x00000000eab00000,0x00000000eae00000)
  from space 1024K, 51% used [0x00000000eb200000,0x00000000eb284010,0x00000000eb300000)
  to   space 1024K, 0% used [0x00000000eb100000,0x00000000eb100000,0x00000000eb200000)
 ParOldGen       total 136192K, used 107852K [0x00000000c0000000, 0x00000000c8500000, 0x00000000eab00000)
  object space 136192K, 79% used [0x00000000c0000000,0x00000000c6953028,0x00000000c8500000)
 Metaspace       used 82319K, capacity 85847K, committed 86016K, reserved 1126400K
  class space    used 7601K, capacity 8894K, committed 8960K, reserved 1048576K
}
Event: 4032.573 GC heap before
{Heap before GC invocations=2696 (full 67):
 PSYoungGen      total 4096K, used 3600K [0x00000000eab00000, 0x00000000eb300000, 0x0000000100000000)
  eden space 3072K, 99% used [0x00000000eab00000,0x00000000eadffff0,0x00000000eae00000)
  from space 1024K, 51% used [0x00000000eb200000,0x00000000eb284010,0x00000000eb300000)
  to   space 1024K, 0% used [0x00000000eb100000,0x00000000eb100000,0x00000000eb200000)
 ParOldGen       total 136192K, used 107852K [0x00000000c0000000, 0x00000000c8500000, 0x00000000eab00000)
  object space 136192K, 79% used [0x00000000c0000000,0x00000000c6953028,0x00000000c8500000)
 Metaspace       used 82319K, capacity 85847K, committed 86016K, reserved 1126400K
  class space    used 7601K, capacity 8894K, committed 8960K, reserved 1048576K
}
Event: 4032.576 GC heap after
{Heap after GC invocations=2696 (full 67):
 PSYoungGen      total 4096K, used 320K [0x00000000eab00000, 0x00000000eb280000, 0x0000000100000000)
  eden space 3072K, 0% used [0x00000000eab00000,0x00000000eab00000,0x00000000eae00000)
  from space 1024K, 31% used [0x00000000eb100000,0x00000000eb150000,0x00000000eb200000)
  to   space 512K, 0% used [0x00000000eb200000,0x00000000eb200000,0x00000000eb280000)
 ParOldGen       total 136192K, used 107852K [0x00000000c0000000, 0x00000000c8500000, 0x00000000eab00000)
  object space 136192K, 79% used [0x00000000c0000000,0x00000000c6953028,0x00000000c8500000)
 Metaspace       used 82319K, capacity 85847K, committed 86016K, reserved 1126400K
  class space    used 7601K, capacity 8894K, committed 8960K, reserved 1048576K
}
Event: 4032.603 GC heap before
{Heap before GC invocations=2697 (full 67):
 PSYoungGen      total 4096K, used 3392K [0x00000000eab00000, 0x00000000eb280000, 0x0000000100000000)
  eden space 3072K, 100% used [0x00000000eab00000,0x00000000eae00000,0x00000000eae00000)
  from space 1024K, 31% used [0x00000000eb100000,0x00000000eb150000,0x00000000eb200000)
  to   space 512K, 0% used [0x00000000eb200000,0x00000000eb200000,0x00000000eb280000)
 ParOldGen       total 136192K, used 107852K [0x00000000c0000000, 0x00000000c8500000, 0x00000000eab00000)
  object space 136192K, 79% used [0x00000000c0000000,0x00000000c6953028,0x00000000c8500000)
 Metaspace       used 82319K, capacity 85847K, committed 86016K, reserved 1126400K
  class space    used 7601K, capacity 8894K, committed 8960K, reserved 1048576K
}
Event: 4032.606 GC heap after
{Heap after GC invocations=2697 (full 67):
 PSYoungGen      total 3584K, used 288K [0x00000000eab00000, 0x00000000eb280000, 0x0000000100000000)
  eden space 3072K, 0% used [0x00000000eab00000,0x00000000eab00000,0x00000000eae00000)
  from space 512K, 56% used [0x00000000eb200000,0x00000000eb248000,0x00000000eb280000)
  to   space 512K, 0% used [0x00000000eb180000,0x00000000eb180000,0x00000000eb200000)
 ParOldGen       total 136192K, used 107852K [0x00000000c0000000, 0x00000000c8500000, 0x00000000eab00000)
  object space 136192K, 79% used [0x00000000c0000000,0x00000000c6953028,0x00000000c8500000)
 Metaspace       used 82319K, capacity 85847K, committed 86016K, reserved 1126400K
  class space    used 7601K, capacity 8894K, committed 8960K, reserved 1048576K
}
Event: 4032.634 GC heap before
{Heap before GC invocations=2698 (full 67):
 PSYoungGen      total 3584K, used 3360K [0x00000000eab00000, 0x00000000eb280000, 0x0000000100000000)
  eden space 3072K, 100% used [0x00000000eab00000,0x00000000eae00000,0x00000000eae00000)
  from space 512K, 56% used [0x00000000eb200000,0x00000000eb248000,0x00000000eb280000)
  to   space 512K, 0% used [0x00000000eb180000,0x00000000eb180000,0x00000000eb200000)
 ParOldGen       total 136192K, used 107852K [0x00000000c0000000, 0x00000000c8500000, 0x00000000eab00000)
  object space 136192K, 79% used [0x00000000c0000000,0x00000000c6953028,0x00000000c8500000)
 Metaspace       used 82319K, capacity 85847K, committed 86016K, reserved 1126400K
  class space    used 7601K, capacity 8894K, committed 8960K, reserved 1048576K
}
Event: 4032.638 GC heap after
{Heap after GC invocations=2698 (full 67):
 PSYoungGen      total 3584K, used 272K [0x00000000eab00000, 0x00000000eb280000, 0x0000000100000000)
  eden space 3072K, 0% used [0x00000000eab00000,0x00000000eab00000,0x00000000eae00000)
  from space 512K, 53% used [0x00000000eb180000,0x00000000eb1c4010,0x00000000eb200000)
  to   space 512K, 0% used [0x00000000eb200000,0x00000000eb200000,0x00000000eb280000)
 ParOldGen       total 136192K, used 107852K [0x00000000c0000000, 0x00000000c8500000, 0x00000000eab00000)
  object space 136192K, 79% used [0x00000000c0000000,0x00000000c6953028,0x00000000c8500000)
 Metaspace       used 82319K, capacity 85847K, committed 86016K, reserved 1126400K
  class space    used 7601K, capacity 8894K, committed 8960K, reserved 1048576K
}

